2011-12-29 22:59:43 Error: [MissingActionException] Action PostsController::view() could not be found.
#0 /Applications/MAMP/htdocs/cakephp_install/lib/Cake/Routing/Dispatcher.php(107): Controller->invokeAction(Object(CakeRequest))
#1 /Applications/MAMP/htdocs/cakephp_install/lib/Cake/Routing/Dispatcher.php(89): Dispatcher->_invoke(Object(PostsController), Object(CakeRequest), Object(CakeResponse))
#2 /Applications/MAMP/htdocs/cakephp_install/app/webroot/index.php(96): Dispatcher->dispatch(Object(CakeRequest), Object(CakeResponse))
#3 {main}
2011-12-30 18:12:39 Error: [MissingControllerException] Controller class IndexController could not be found.
#0 /Applications/MAMP/htdocs/cakephp_install/app/webroot/index.php(96): Dispatcher->dispatch(Object(CakeRequest), Object(CakeResponse))
#1 {main}
2011-12-30 18:14:54 Error: [MissingActionException] Action RequestsController::view() could not be found.
#0 /Applications/MAMP/htdocs/cakephp_install/lib/Cake/Routing/Dispatcher.php(107): Controller->invokeAction(Object(CakeRequest))
#1 /Applications/MAMP/htdocs/cakephp_install/lib/Cake/Routing/Dispatcher.php(89): Dispatcher->_invoke(Object(RequestsController), Object(CakeRequest), Object(CakeResponse))
#2 /Applications/MAMP/htdocs/cakephp_install/app/webroot/index.php(96): Dispatcher->dispatch(Object(CakeRequest), Object(CakeResponse))
#3 {main}
2011-12-30 21:06:34 Error: [PDOException] SQLSTATE[42S22]: Column not found: 1054 Unknown column 'Tweet.tweet_id' in 'field list'
#0 /Applications/MAMP/htdocs/cakephp_install/lib/Cake/Model/Datasource/DboSource.php(436): PDOStatement->execute(Array)
#1 /Applications/MAMP/htdocs/cakephp_install/lib/Cake/Model/Datasource/DboSource.php(403): DboSource->_execute('SELECT `Tweet`....', Array)
#2 /Applications/MAMP/htdocs/cakephp_install/lib/Cake/Model/Datasource/DboSource.php(645): DboSource->execute('SELECT `Tweet`....', Array, Array)
#3 /Applications/MAMP/htdocs/cakephp_install/lib/Cake/Model/Datasource/DboSource.php(1282): DboSource->fetchAll('SELECT `Tweet`....', false)
#4 /Applications/MAMP/htdocs/cakephp_install/lib/Cake/Model/Datasource/DboSource.php(1150): DboSource->fetchAssociated(Object(Tweet), 'SELECT `Tweet`....', Array)
#5 /Applications/MAMP/htdocs/cakephp_install/lib/Cake/Model/Datasource/DboSource.php(1069): DboSource->queryAssociation(Object(Tweet), Object(Tweet), 'hasMany', 'Tweet', Array, Array, true, Array, 0, Array)
#6 /Applications/MAMP/htdocs/cakephp_install/lib/Cake/Model/Model.php(2458): DboSource->read(Object(Tweet), Array)
#7 /Applications/MAMP/htdocs/cakephp_install/app/Controller/RequestsController.php(11): Model->find('all')
#8 [internal function]: RequestsController->index()
#9 /Applications/MAMP/htdocs/cakephp_install/lib/Cake/Controller/Controller.php(473): ReflectionMethod->invokeArgs(Object(RequestsController), Array)
#10 /Applications/MAMP/htdocs/cakephp_install/lib/Cake/Routing/Dispatcher.php(107): Controller->invokeAction(Object(CakeRequest))
#11 /Applications/MAMP/htdocs/cakephp_install/lib/Cake/Routing/Dispatcher.php(89): Dispatcher->_invoke(Object(RequestsController), Object(CakeRequest), Object(CakeResponse))
#12 /Applications/MAMP/htdocs/cakephp_install/app/webroot/index.php(96): Dispatcher->dispatch(Object(CakeRequest), Object(CakeResponse))
#13 {main}
2011-12-30 21:09:41 Error: [PDOException] SQLSTATE[42S22]: Column not found: 1054 Unknown column 'Tweet.tweet_id' in 'field list'
#0 /Applications/MAMP/htdocs/cakephp_install/lib/Cake/Model/Datasource/DboSource.php(436): PDOStatement->execute(Array)
#1 /Applications/MAMP/htdocs/cakephp_install/lib/Cake/Model/Datasource/DboSource.php(403): DboSource->_execute('SELECT `Tweet`....', Array)
#2 /Applications/MAMP/htdocs/cakephp_install/lib/Cake/Model/Datasource/DboSource.php(645): DboSource->execute('SELECT `Tweet`....', Array, Array)
#3 /Applications/MAMP/htdocs/cakephp_install/lib/Cake/Model/Datasource/DboSource.php(1282): DboSource->fetchAll('SELECT `Tweet`....', false)
#4 /Applications/MAMP/htdocs/cakephp_install/lib/Cake/Model/Datasource/DboSource.php(1150): DboSource->fetchAssociated(Object(Request), 'SELECT `Tweet`....', Array)
#5 /Applications/MAMP/htdocs/cakephp_install/lib/Cake/Model/Datasource/DboSource.php(1069): DboSource->queryAssociation(Object(Request), Object(Tweet), 'hasMany', 'Tweet', Array, Array, true, Array, 0, Array)
#6 /Applications/MAMP/htdocs/cakephp_install/lib/Cake/Model/Model.php(2458): DboSource->read(Object(Request), Array)
#7 /Applications/MAMP/htdocs/cakephp_install/app/Controller/RequestsController.php(9): Model->find('all')
#8 [internal function]: RequestsController->index()
#9 /Applications/MAMP/htdocs/cakephp_install/lib/Cake/Controller/Controller.php(473): ReflectionMethod->invokeArgs(Object(RequestsController), Array)
#10 /Applications/MAMP/htdocs/cakephp_install/lib/Cake/Routing/Dispatcher.php(107): Controller->invokeAction(Object(CakeRequest))
#11 /Applications/MAMP/htdocs/cakephp_install/lib/Cake/Routing/Dispatcher.php(89): Dispatcher->_invoke(Object(RequestsController), Object(CakeRequest), Object(CakeResponse))
#12 /Applications/MAMP/htdocs/cakephp_install/app/webroot/index.php(96): Dispatcher->dispatch(Object(CakeRequest), Object(CakeResponse))
#13 {main}
2011-12-30 21:09:41 Error: [PDOException] SQLSTATE[42S22]: Column not found: 1054 Unknown column 'Tweet.tweet_id' in 'field list'
#0 /Applications/MAMP/htdocs/cakephp_install/lib/Cake/Model/Datasource/DboSource.php(436): PDOStatement->execute(Array)
#1 /Applications/MAMP/htdocs/cakephp_install/lib/Cake/Model/Datasource/DboSource.php(403): DboSource->_execute('SELECT `Tweet`....', Array)
#2 /Applications/MAMP/htdocs/cakephp_install/lib/Cake/Model/Datasource/DboSource.php(645): DboSource->execute('SELECT `Tweet`....', Array, Array)
#3 /Applications/MAMP/htdocs/cakephp_install/lib/Cake/Model/Datasource/DboSource.php(1282): DboSource->fetchAll('SELECT `Tweet`....', false)
#4 /Applications/MAMP/htdocs/cakephp_install/lib/Cake/Model/Datasource/DboSource.php(1150): DboSource->fetchAssociated(Object(Request), 'SELECT `Tweet`....', Array)
#5 /Applications/MAMP/htdocs/cakephp_install/lib/Cake/Model/Datasource/DboSource.php(1069): DboSource->queryAssociation(Object(Request), Object(Tweet), 'hasMany', 'Tweet', Array, Array, true, Array, 0, Array)
#6 /Applications/MAMP/htdocs/cakephp_install/lib/Cake/Model/Model.php(2458): DboSource->read(Object(Request), Array)
#7 /Applications/MAMP/htdocs/cakephp_install/app/Controller/RequestsController.php(9): Model->find('all')
#8 [internal function]: RequestsController->index()
#9 /Applications/MAMP/htdocs/cakephp_install/lib/Cake/Controller/Controller.php(473): ReflectionMethod->invokeArgs(Object(RequestsController), Array)
#10 /Applications/MAMP/htdocs/cakephp_install/lib/Cake/Routing/Dispatcher.php(107): Controller->invokeAction(Object(CakeRequest))
#11 /Applications/MAMP/htdocs/cakephp_install/lib/Cake/Routing/Dispatcher.php(89): Dispatcher->_invoke(Object(RequestsController), Object(CakeRequest), Object(CakeResponse))
#12 /Applications/MAMP/htdocs/cakephp_install/app/webroot/index.php(96): Dispatcher->dispatch(Object(CakeRequest), Object(CakeResponse))
#13 {main}
2011-12-30 21:09:42 Error: [PDOException] SQLSTATE[42S22]: Column not found: 1054 Unknown column 'Tweet.tweet_id' in 'field list'
#0 /Applications/MAMP/htdocs/cakephp_install/lib/Cake/Model/Datasource/DboSource.php(436): PDOStatement->execute(Array)
#1 /Applications/MAMP/htdocs/cakephp_install/lib/Cake/Model/Datasource/DboSource.php(403): DboSource->_execute('SELECT `Tweet`....', Array)
#2 /Applications/MAMP/htdocs/cakephp_install/lib/Cake/Model/Datasource/DboSource.php(645): DboSource->execute('SELECT `Tweet`....', Array, Array)
#3 /Applications/MAMP/htdocs/cakephp_install/lib/Cake/Model/Datasource/DboSource.php(1282): DboSource->fetchAll('SELECT `Tweet`....', false)
#4 /Applications/MAMP/htdocs/cakephp_install/lib/Cake/Model/Datasource/DboSource.php(1150): DboSource->fetchAssociated(Object(Request), 'SELECT `Tweet`....', Array)
#5 /Applications/MAMP/htdocs/cakephp_install/lib/Cake/Model/Datasource/DboSource.php(1069): DboSource->queryAssociation(Object(Request), Object(Tweet), 'hasMany', 'Tweet', Array, Array, true, Array, 0, Array)
#6 /Applications/MAMP/htdocs/cakephp_install/lib/Cake/Model/Model.php(2458): DboSource->read(Object(Request), Array)
#7 /Applications/MAMP/htdocs/cakephp_install/app/Controller/RequestsController.php(9): Model->find('all')
#8 [internal function]: RequestsController->index()
#9 /Applications/MAMP/htdocs/cakephp_install/lib/Cake/Controller/Controller.php(473): ReflectionMethod->invokeArgs(Object(RequestsController), Array)
#10 /Applications/MAMP/htdocs/cakephp_install/lib/Cake/Routing/Dispatcher.php(107): Controller->invokeAction(Object(CakeRequest))
#11 /Applications/MAMP/htdocs/cakephp_install/lib/Cake/Routing/Dispatcher.php(89): Dispatcher->_invoke(Object(RequestsController), Object(CakeRequest), Object(CakeResponse))
#12 /Applications/MAMP/htdocs/cakephp_install/app/webroot/index.php(96): Dispatcher->dispatch(Object(CakeRequest), Object(CakeResponse))
#13 {main}
2011-12-30 21:09:42 Error: [PDOException] SQLSTATE[42S22]: Column not found: 1054 Unknown column 'Tweet.tweet_id' in 'field list'
#0 /Applications/MAMP/htdocs/cakephp_install/lib/Cake/Model/Datasource/DboSource.php(436): PDOStatement->execute(Array)
#1 /Applications/MAMP/htdocs/cakephp_install/lib/Cake/Model/Datasource/DboSource.php(403): DboSource->_execute('SELECT `Tweet`....', Array)
#2 /Applications/MAMP/htdocs/cakephp_install/lib/Cake/Model/Datasource/DboSource.php(645): DboSource->execute('SELECT `Tweet`....', Array, Array)
#3 /Applications/MAMP/htdocs/cakephp_install/lib/Cake/Model/Datasource/DboSource.php(1282): DboSource->fetchAll('SELECT `Tweet`....', false)
#4 /Applications/MAMP/htdocs/cakephp_install/lib/Cake/Model/Datasource/DboSource.php(1150): DboSource->fetchAssociated(Object(Request), 'SELECT `Tweet`....', Array)
#5 /Applications/MAMP/htdocs/cakephp_install/lib/Cake/Model/Datasource/DboSource.php(1069): DboSource->queryAssociation(Object(Request), Object(Tweet), 'hasMany', 'Tweet', Array, Array, true, Array, 0, Array)
#6 /Applications/MAMP/htdocs/cakephp_install/lib/Cake/Model/Model.php(2458): DboSource->read(Object(Request), Array)
#7 /Applications/MAMP/htdocs/cakephp_install/app/Controller/RequestsController.php(9): Model->find('all')
#8 [internal function]: RequestsController->index()
#9 /Applications/MAMP/htdocs/cakephp_install/lib/Cake/Controller/Controller.php(473): ReflectionMethod->invokeArgs(Object(RequestsController), Array)
#10 /Applications/MAMP/htdocs/cakephp_install/lib/Cake/Routing/Dispatcher.php(107): Controller->invokeAction(Object(CakeRequest))
#11 /Applications/MAMP/htdocs/cakephp_install/lib/Cake/Routing/Dispatcher.php(89): Dispatcher->_invoke(Object(RequestsController), Object(CakeRequest), Object(CakeResponse))
#12 /Applications/MAMP/htdocs/cakephp_install/app/webroot/index.php(96): Dispatcher->dispatch(Object(CakeRequest), Object(CakeResponse))
#13 {main}
2011-12-30 21:09:42 Error: [PDOException] SQLSTATE[42S22]: Column not found: 1054 Unknown column 'Tweet.tweet_id' in 'field list'
#0 /Applications/MAMP/htdocs/cakephp_install/lib/Cake/Model/Datasource/DboSource.php(436): PDOStatement->execute(Array)
#1 /Applications/MAMP/htdocs/cakephp_install/lib/Cake/Model/Datasource/DboSource.php(403): DboSource->_execute('SELECT `Tweet`....', Array)
#2 /Applications/MAMP/htdocs/cakephp_install/lib/Cake/Model/Datasource/DboSource.php(645): DboSource->execute('SELECT `Tweet`....', Array, Array)
#3 /Applications/MAMP/htdocs/cakephp_install/lib/Cake/Model/Datasource/DboSource.php(1282): DboSource->fetchAll('SELECT `Tweet`....', false)
#4 /Applications/MAMP/htdocs/cakephp_install/lib/Cake/Model/Datasource/DboSource.php(1150): DboSource->fetchAssociated(Object(Request), 'SELECT `Tweet`....', Array)
#5 /Applications/MAMP/htdocs/cakephp_install/lib/Cake/Model/Datasource/DboSource.php(1069): DboSource->queryAssociation(Object(Request), Object(Tweet), 'hasMany', 'Tweet', Array, Array, true, Array, 0, Array)
#6 /Applications/MAMP/htdocs/cakephp_install/lib/Cake/Model/Model.php(2458): DboSource->read(Object(Request), Array)
#7 /Applications/MAMP/htdocs/cakephp_install/app/Controller/RequestsController.php(9): Model->find('all')
#8 [internal function]: RequestsController->index()
#9 /Applications/MAMP/htdocs/cakephp_install/lib/Cake/Controller/Controller.php(473): ReflectionMethod->invokeArgs(Object(RequestsController), Array)
#10 /Applications/MAMP/htdocs/cakephp_install/lib/Cake/Routing/Dispatcher.php(107): Controller->invokeAction(Object(CakeRequest))
#11 /Applications/MAMP/htdocs/cakephp_install/lib/Cake/Routing/Dispatcher.php(89): Dispatcher->_invoke(Object(RequestsController), Object(CakeRequest), Object(CakeResponse))
#12 /Applications/MAMP/htdocs/cakephp_install/app/webroot/index.php(96): Dispatcher->dispatch(Object(CakeRequest), Object(CakeResponse))
#13 {main}
2011-12-30 21:11:02 Error: [PDOException] SQLSTATE[42S22]: Column not found: 1054 Unknown column 'Tweet.tweet_id' in 'field list'
#0 /Applications/MAMP/htdocs/cakephp_install/lib/Cake/Model/Datasource/DboSource.php(436): PDOStatement->execute(Array)
#1 /Applications/MAMP/htdocs/cakephp_install/lib/Cake/Model/Datasource/DboSource.php(403): DboSource->_execute('SELECT `Tweet`....', Array)
#2 /Applications/MAMP/htdocs/cakephp_install/lib/Cake/Model/Datasource/DboSource.php(645): DboSource->execute('SELECT `Tweet`....', Array, Array)
#3 /Applications/MAMP/htdocs/cakephp_install/lib/Cake/Model/Datasource/DboSource.php(1282): DboSource->fetchAll('SELECT `Tweet`....', false)
#4 /Applications/MAMP/htdocs/cakephp_install/lib/Cake/Model/Datasource/DboSource.php(1150): DboSource->fetchAssociated(Object(Request), 'SELECT `Tweet`....', Array)
#5 /Applications/MAMP/htdocs/cakephp_install/lib/Cake/Model/Datasource/DboSource.php(1069): DboSource->queryAssociation(Object(Request), Object(Tweet), 'hasMany', 'Tweet', Array, Array, true, Array, 0, Array)
#6 /Applications/MAMP/htdocs/cakephp_install/lib/Cake/Model/Model.php(2458): DboSource->read(Object(Request), Array)
#7 /Applications/MAMP/htdocs/cakephp_install/app/Controller/RequestsController.php(9): Model->find('all')
#8 [internal function]: RequestsController->index()
#9 /Applications/MAMP/htdocs/cakephp_install/lib/Cake/Controller/Controller.php(473): ReflectionMethod->invokeArgs(Object(RequestsController), Array)
#10 /Applications/MAMP/htdocs/cakephp_install/lib/Cake/Routing/Dispatcher.php(107): Controller->invokeAction(Object(CakeRequest))
#11 /Applications/MAMP/htdocs/cakephp_install/lib/Cake/Routing/Dispatcher.php(89): Dispatcher->_invoke(Object(RequestsController), Object(CakeRequest), Object(CakeResponse))
#12 /Applications/MAMP/htdocs/cakephp_install/app/webroot/index.php(96): Dispatcher->dispatch(Object(CakeRequest), Object(CakeResponse))
#13 {main}
2011-12-30 21:11:03 Error: [PDOException] SQLSTATE[42S22]: Column not found: 1054 Unknown column 'Tweet.tweet_id' in 'field list'
#0 /Applications/MAMP/htdocs/cakephp_install/lib/Cake/Model/Datasource/DboSource.php(436): PDOStatement->execute(Array)
#1 /Applications/MAMP/htdocs/cakephp_install/lib/Cake/Model/Datasource/DboSource.php(403): DboSource->_execute('SELECT `Tweet`....', Array)
#2 /Applications/MAMP/htdocs/cakephp_install/lib/Cake/Model/Datasource/DboSource.php(645): DboSource->execute('SELECT `Tweet`....', Array, Array)
#3 /Applications/MAMP/htdocs/cakephp_install/lib/Cake/Model/Datasource/DboSource.php(1282): DboSource->fetchAll('SELECT `Tweet`....', false)
#4 /Applications/MAMP/htdocs/cakephp_install/lib/Cake/Model/Datasource/DboSource.php(1150): DboSource->fetchAssociated(Object(Request), 'SELECT `Tweet`....', Array)
#5 /Applications/MAMP/htdocs/cakephp_install/lib/Cake/Model/Datasource/DboSource.php(1069): DboSource->queryAssociation(Object(Request), Object(Tweet), 'hasMany', 'Tweet', Array, Array, true, Array, 0, Array)
#6 /Applications/MAMP/htdocs/cakephp_install/lib/Cake/Model/Model.php(2458): DboSource->read(Object(Request), Array)
#7 /Applications/MAMP/htdocs/cakephp_install/app/Controller/RequestsController.php(9): Model->find('all')
#8 [internal function]: RequestsController->index()
#9 /Applications/MAMP/htdocs/cakephp_install/lib/Cake/Controller/Controller.php(473): ReflectionMethod->invokeArgs(Object(RequestsController), Array)
#10 /Applications/MAMP/htdocs/cakephp_install/lib/Cake/Routing/Dispatcher.php(107): Controller->invokeAction(Object(CakeRequest))
#11 /Applications/MAMP/htdocs/cakephp_install/lib/Cake/Routing/Dispatcher.php(89): Dispatcher->_invoke(Object(RequestsController), Object(CakeRequest), Object(CakeResponse))
#12 /Applications/MAMP/htdocs/cakephp_install/app/webroot/index.php(96): Dispatcher->dispatch(Object(CakeRequest), Object(CakeResponse))
#13 {main}
2011-12-30 21:14:14 Error: [PDOException] SQLSTATE[42000]: Syntax error or access violation: 1066 Not unique table/alias: 'Request'
#0 /Applications/MAMP/htdocs/cakephp_install/lib/Cake/Model/Datasource/DboSource.php(436): PDOStatement->execute(Array)
#1 /Applications/MAMP/htdocs/cakephp_install/lib/Cake/Model/Datasource/DboSource.php(403): DboSource->_execute('SELECT `Request...', Array)
#2 /Applications/MAMP/htdocs/cakephp_install/lib/Cake/Model/Datasource/DboSource.php(645): DboSource->execute('SELECT `Request...', Array, Array)
#3 /Applications/MAMP/htdocs/cakephp_install/lib/Cake/Model/Datasource/DboSource.php(1040): DboSource->fetchAll('SELECT `Request...', false)
#4 /Applications/MAMP/htdocs/cakephp_install/lib/Cake/Model/Model.php(2458): DboSource->read(Object(Request), Array)
#5 /Applications/MAMP/htdocs/cakephp_install/app/Controller/RequestsController.php(9): Model->find('all')
#6 [internal function]: RequestsController->index()
#7 /Applications/MAMP/htdocs/cakephp_install/lib/Cake/Controller/Controller.php(473): ReflectionMethod->invokeArgs(Object(RequestsController), Array)
#8 /Applications/MAMP/htdocs/cakephp_install/lib/Cake/Routing/Dispatcher.php(107): Controller->invokeAction(Object(CakeRequest))
#9 /Applications/MAMP/htdocs/cakephp_install/lib/Cake/Routing/Dispatcher.php(89): Dispatcher->_invoke(Object(RequestsController), Object(CakeRequest), Object(CakeResponse))
#10 /Applications/MAMP/htdocs/cakephp_install/app/webroot/index.php(96): Dispatcher->dispatch(Object(CakeRequest), Object(CakeResponse))
#11 {main}
2011-12-30 21:14:15 Error: [PDOException] SQLSTATE[42000]: Syntax error or access violation: 1066 Not unique table/alias: 'Request'
#0 /Applications/MAMP/htdocs/cakephp_install/lib/Cake/Model/Datasource/DboSource.php(436): PDOStatement->execute(Array)
#1 /Applications/MAMP/htdocs/cakephp_install/lib/Cake/Model/Datasource/DboSource.php(403): DboSource->_execute('SELECT `Request...', Array)
#2 /Applications/MAMP/htdocs/cakephp_install/lib/Cake/Model/Datasource/DboSource.php(645): DboSource->execute('SELECT `Request...', Array, Array)
#3 /Applications/MAMP/htdocs/cakephp_install/lib/Cake/Model/Datasource/DboSource.php(1040): DboSource->fetchAll('SELECT `Request...', false)
#4 /Applications/MAMP/htdocs/cakephp_install/lib/Cake/Model/Model.php(2458): DboSource->read(Object(Request), Array)
#5 /Applications/MAMP/htdocs/cakephp_install/app/Controller/RequestsController.php(9): Model->find('all')
#6 [internal function]: RequestsController->index()
#7 /Applications/MAMP/htdocs/cakephp_install/lib/Cake/Controller/Controller.php(473): ReflectionMethod->invokeArgs(Object(RequestsController), Array)
#8 /Applications/MAMP/htdocs/cakephp_install/lib/Cake/Routing/Dispatcher.php(107): Controller->invokeAction(Object(CakeRequest))
#9 /Applications/MAMP/htdocs/cakephp_install/lib/Cake/Routing/Dispatcher.php(89): Dispatcher->_invoke(Object(RequestsController), Object(CakeRequest), Object(CakeResponse))
#10 /Applications/MAMP/htdocs/cakephp_install/app/webroot/index.php(96): Dispatcher->dispatch(Object(CakeRequest), Object(CakeResponse))
#11 {main}
2011-12-30 21:15:02 Error: [PDOException] SQLSTATE[42000]: Syntax error or access violation: 1066 Not unique table/alias: 'Request'
#0 /Applications/MAMP/htdocs/cakephp_install/lib/Cake/Model/Datasource/DboSource.php(436): PDOStatement->execute(Array)
#1 /Applications/MAMP/htdocs/cakephp_install/lib/Cake/Model/Datasource/DboSource.php(403): DboSource->_execute('SELECT `Request...', Array)
#2 /Applications/MAMP/htdocs/cakephp_install/lib/Cake/Model/Datasource/DboSource.php(645): DboSource->execute('SELECT `Request...', Array, Array)
#3 /Applications/MAMP/htdocs/cakephp_install/lib/Cake/Model/Datasource/DboSource.php(1040): DboSource->fetchAll('SELECT `Request...', false)
#4 /Applications/MAMP/htdocs/cakephp_install/lib/Cake/Model/Model.php(2458): DboSource->read(Object(Request), Array)
#5 /Applications/MAMP/htdocs/cakephp_install/app/Controller/RequestsController.php(9): Model->find('all')
#6 [internal function]: RequestsController->index()
#7 /Applications/MAMP/htdocs/cakephp_install/lib/Cake/Controller/Controller.php(473): ReflectionMethod->invokeArgs(Object(RequestsController), Array)
#8 /Applications/MAMP/htdocs/cakephp_install/lib/Cake/Routing/Dispatcher.php(107): Controller->invokeAction(Object(CakeRequest))
#9 /Applications/MAMP/htdocs/cakephp_install/lib/Cake/Routing/Dispatcher.php(89): Dispatcher->_invoke(Object(RequestsController), Object(CakeRequest), Object(CakeResponse))
#10 /Applications/MAMP/htdocs/cakephp_install/app/webroot/index.php(96): Dispatcher->dispatch(Object(CakeRequest), Object(CakeResponse))
#11 {main}
2011-12-30 21:15:02 Error: [PDOException] SQLSTATE[42000]: Syntax error or access violation: 1066 Not unique table/alias: 'Request'
#0 /Applications/MAMP/htdocs/cakephp_install/lib/Cake/Model/Datasource/DboSource.php(436): PDOStatement->execute(Array)
#1 /Applications/MAMP/htdocs/cakephp_install/lib/Cake/Model/Datasource/DboSource.php(403): DboSource->_execute('SELECT `Request...', Array)
#2 /Applications/MAMP/htdocs/cakephp_install/lib/Cake/Model/Datasource/DboSource.php(645): DboSource->execute('SELECT `Request...', Array, Array)
#3 /Applications/MAMP/htdocs/cakephp_install/lib/Cake/Model/Datasource/DboSource.php(1040): DboSource->fetchAll('SELECT `Request...', false)
#4 /Applications/MAMP/htdocs/cakephp_install/lib/Cake/Model/Model.php(2458): DboSource->read(Object(Request), Array)
#5 /Applications/MAMP/htdocs/cakephp_install/app/Controller/RequestsController.php(9): Model->find('all')
#6 [internal function]: RequestsController->index()
#7 /Applications/MAMP/htdocs/cakephp_install/lib/Cake/Controller/Controller.php(473): ReflectionMethod->invokeArgs(Object(RequestsController), Array)
#8 /Applications/MAMP/htdocs/cakephp_install/lib/Cake/Routing/Dispatcher.php(107): Controller->invokeAction(Object(CakeRequest))
#9 /Applications/MAMP/htdocs/cakephp_install/lib/Cake/Routing/Dispatcher.php(89): Dispatcher->_invoke(Object(RequestsController), Object(CakeRequest), Object(CakeResponse))
#10 /Applications/MAMP/htdocs/cakephp_install/app/webroot/index.php(96): Dispatcher->dispatch(Object(CakeRequest), Object(CakeResponse))
#11 {main}
2011-12-30 21:15:02 Error: [PDOException] SQLSTATE[42000]: Syntax error or access violation: 1066 Not unique table/alias: 'Request'
#0 /Applications/MAMP/htdocs/cakephp_install/lib/Cake/Model/Datasource/DboSource.php(436): PDOStatement->execute(Array)
#1 /Applications/MAMP/htdocs/cakephp_install/lib/Cake/Model/Datasource/DboSource.php(403): DboSource->_execute('SELECT `Request...', Array)
#2 /Applications/MAMP/htdocs/cakephp_install/lib/Cake/Model/Datasource/DboSource.php(645): DboSource->execute('SELECT `Request...', Array, Array)
#3 /Applications/MAMP/htdocs/cakephp_install/lib/Cake/Model/Datasource/DboSource.php(1040): DboSource->fetchAll('SELECT `Request...', false)
#4 /Applications/MAMP/htdocs/cakephp_install/lib/Cake/Model/Model.php(2458): DboSource->read(Object(Request), Array)
#5 /Applications/MAMP/htdocs/cakephp_install/app/Controller/RequestsController.php(9): Model->find('all')
#6 [internal function]: RequestsController->index()
#7 /Applications/MAMP/htdocs/cakephp_install/lib/Cake/Controller/Controller.php(473): ReflectionMethod->invokeArgs(Object(RequestsController), Array)
#8 /Applications/MAMP/htdocs/cakephp_install/lib/Cake/Routing/Dispatcher.php(107): Controller->invokeAction(Object(CakeRequest))
#9 /Applications/MAMP/htdocs/cakephp_install/lib/Cake/Routing/Dispatcher.php(89): Dispatcher->_invoke(Object(RequestsController), Object(CakeRequest), Object(CakeResponse))
#10 /Applications/MAMP/htdocs/cakephp_install/app/webroot/index.php(96): Dispatcher->dispatch(Object(CakeRequest), Object(CakeResponse))
#11 {main}
2011-12-30 21:15:03 Error: [PDOException] SQLSTATE[42000]: Syntax error or access violation: 1066 Not unique table/alias: 'Request'
#0 /Applications/MAMP/htdocs/cakephp_install/lib/Cake/Model/Datasource/DboSource.php(436): PDOStatement->execute(Array)
#1 /Applications/MAMP/htdocs/cakephp_install/lib/Cake/Model/Datasource/DboSource.php(403): DboSource->_execute('SELECT `Request...', Array)
#2 /Applications/MAMP/htdocs/cakephp_install/lib/Cake/Model/Datasource/DboSource.php(645): DboSource->execute('SELECT `Request...', Array, Array)
#3 /Applications/MAMP/htdocs/cakephp_install/lib/Cake/Model/Datasource/DboSource.php(1040): DboSource->fetchAll('SELECT `Request...', false)
#4 /Applications/MAMP/htdocs/cakephp_install/lib/Cake/Model/Model.php(2458): DboSource->read(Object(Request), Array)
#5 /Applications/MAMP/htdocs/cakephp_install/app/Controller/RequestsController.php(9): Model->find('all')
#6 [internal function]: RequestsController->index()
#7 /Applications/MAMP/htdocs/cakephp_install/lib/Cake/Controller/Controller.php(473): ReflectionMethod->invokeArgs(Object(RequestsController), Array)
#8 /Applications/MAMP/htdocs/cakephp_install/lib/Cake/Routing/Dispatcher.php(107): Controller->invokeAction(Object(CakeRequest))
#9 /Applications/MAMP/htdocs/cakephp_install/lib/Cake/Routing/Dispatcher.php(89): Dispatcher->_invoke(Object(RequestsController), Object(CakeRequest), Object(CakeResponse))
#10 /Applications/MAMP/htdocs/cakephp_install/app/webroot/index.php(96): Dispatcher->dispatch(Object(CakeRequest), Object(CakeResponse))
#11 {main}
2011-12-30 23:29:59 Error: [MissingActionException] Action RequestsController::view() could not be found.
#0 /Applications/MAMP/htdocs/cakephp_install/lib/Cake/Routing/Dispatcher.php(107): Controller->invokeAction(Object(CakeRequest))
#1 /Applications/MAMP/htdocs/cakephp_install/lib/Cake/Routing/Dispatcher.php(89): Dispatcher->_invoke(Object(RequestsController), Object(CakeRequest), Object(CakeResponse))
#2 /Applications/MAMP/htdocs/cakephp_install/app/webroot/index.php(96): Dispatcher->dispatch(Object(CakeRequest), Object(CakeResponse))
#3 {main}
2011-12-30 23:30:16 Error: [MissingActionException] Action RequestsController::view() could not be found.
#0 /Applications/MAMP/htdocs/cakephp_install/lib/Cake/Routing/Dispatcher.php(107): Controller->invokeAction(Object(CakeRequest))
#1 /Applications/MAMP/htdocs/cakephp_install/lib/Cake/Routing/Dispatcher.php(89): Dispatcher->_invoke(Object(RequestsController), Object(CakeRequest), Object(CakeResponse))
#2 /Applications/MAMP/htdocs/cakephp_install/app/webroot/index.php(96): Dispatcher->dispatch(Object(CakeRequest), Object(CakeResponse))
#3 {main}
2011-12-30 23:49:20 Error: [MissingActionException] Action RequestsController::view() could not be found.
#0 /Applications/MAMP/htdocs/cakephp_install/lib/Cake/Routing/Dispatcher.php(107): Controller->invokeAction(Object(CakeRequest))
#1 /Applications/MAMP/htdocs/cakephp_install/lib/Cake/Routing/Dispatcher.php(89): Dispatcher->_invoke(Object(RequestsController), Object(CakeRequest), Object(CakeResponse))
#2 /Applications/MAMP/htdocs/cakephp_install/app/webroot/index.php(96): Dispatcher->dispatch(Object(CakeRequest), Object(CakeResponse))
#3 {main}
2011-12-30 23:50:31 Error: [MissingActionException] Action RequestsController::view() could not be found.
#0 /Applications/MAMP/htdocs/cakephp_install/lib/Cake/Routing/Dispatcher.php(107): Controller->invokeAction(Object(CakeRequest))
#1 /Applications/MAMP/htdocs/cakephp_install/lib/Cake/Routing/Dispatcher.php(89): Dispatcher->_invoke(Object(RequestsController), Object(CakeRequest), Object(CakeResponse))
#2 /Applications/MAMP/htdocs/cakephp_install/app/webroot/index.php(96): Dispatcher->dispatch(Object(CakeRequest), Object(CakeResponse))
#3 {main}
2012-01-02 15:16:54 Error: [MissingActionException] Action RequestsController::favicon.ico() could not be found.
#0 /Applications/MAMP/htdocs/cakephp_install/lib/Cake/Routing/Dispatcher.php(107): Controller->invokeAction(Object(CakeRequest))
#1 /Applications/MAMP/htdocs/cakephp_install/lib/Cake/Routing/Dispatcher.php(89): Dispatcher->_invoke(Object(RequestsController), Object(CakeRequest), Object(CakeResponse))
#2 /Applications/MAMP/htdocs/cakephp_install/app/webroot/index.php(96): Dispatcher->dispatch(Object(CakeRequest), Object(CakeResponse))
#3 {main}
2012-01-02 15:16:57 Error: [MissingActionException] Action RequestsController::favicon.ico() could not be found.
#0 /Applications/MAMP/htdocs/cakephp_install/lib/Cake/Routing/Dispatcher.php(107): Controller->invokeAction(Object(CakeRequest))
#1 /Applications/MAMP/htdocs/cakephp_install/lib/Cake/Routing/Dispatcher.php(89): Dispatcher->_invoke(Object(RequestsController), Object(CakeRequest), Object(CakeResponse))
#2 /Applications/MAMP/htdocs/cakephp_install/app/webroot/index.php(96): Dispatcher->dispatch(Object(CakeRequest), Object(CakeResponse))
#3 {main}
2012-01-02 15:17:00 Error: [MissingActionException] Action RequestsController::favicon.ico() could not be found.
#0 /Applications/MAMP/htdocs/cakephp_install/lib/Cake/Routing/Dispatcher.php(107): Controller->invokeAction(Object(CakeRequest))
#1 /Applications/MAMP/htdocs/cakephp_install/lib/Cake/Routing/Dispatcher.php(89): Dispatcher->_invoke(Object(RequestsController), Object(CakeRequest), Object(CakeResponse))
#2 /Applications/MAMP/htdocs/cakephp_install/app/webroot/index.php(96): Dispatcher->dispatch(Object(CakeRequest), Object(CakeResponse))
#3 {main}
2012-01-02 15:17:08 Error: [MissingActionException] Action RequestsController::favicon.ico() could not be found.
#0 /Applications/MAMP/htdocs/cakephp_install/lib/Cake/Routing/Dispatcher.php(107): Controller->invokeAction(Object(CakeRequest))
#1 /Applications/MAMP/htdocs/cakephp_install/lib/Cake/Routing/Dispatcher.php(89): Dispatcher->_invoke(Object(RequestsController), Object(CakeRequest), Object(CakeResponse))
#2 /Applications/MAMP/htdocs/cakephp_install/app/webroot/index.php(96): Dispatcher->dispatch(Object(CakeRequest), Object(CakeResponse))
#3 {main}
2012-01-02 15:17:24 Error: [MissingActionException] Action RequestsController::favicon.ico() could not be found.
#0 /Applications/MAMP/htdocs/cakephp_install/lib/Cake/Routing/Dispatcher.php(107): Controller->invokeAction(Object(CakeRequest))
#1 /Applications/MAMP/htdocs/cakephp_install/lib/Cake/Routing/Dispatcher.php(89): Dispatcher->_invoke(Object(RequestsController), Object(CakeRequest), Object(CakeResponse))
#2 /Applications/MAMP/htdocs/cakephp_install/app/webroot/index.php(96): Dispatcher->dispatch(Object(CakeRequest), Object(CakeResponse))
#3 {main}
2012-01-02 15:32:13 Error: [MissingActionException] Action RequestsController::favicon.ico() could not be found.
#0 /Applications/MAMP/htdocs/cakephp_install/lib/Cake/Routing/Dispatcher.php(107): Controller->invokeAction(Object(CakeRequest))
#1 /Applications/MAMP/htdocs/cakephp_install/lib/Cake/Routing/Dispatcher.php(89): Dispatcher->_invoke(Object(RequestsController), Object(CakeRequest), Object(CakeResponse))
#2 /Applications/MAMP/htdocs/cakephp_install/app/webroot/index.php(96): Dispatcher->dispatch(Object(CakeRequest), Object(CakeResponse))
#3 {main}
2012-01-02 15:32:14 Error: [MissingActionException] Action RequestsController::favicon.ico() could not be found.
#0 /Applications/MAMP/htdocs/cakephp_install/lib/Cake/Routing/Dispatcher.php(107): Controller->invokeAction(Object(CakeRequest))
#1 /Applications/MAMP/htdocs/cakephp_install/lib/Cake/Routing/Dispatcher.php(89): Dispatcher->_invoke(Object(RequestsController), Object(CakeRequest), Object(CakeResponse))
#2 /Applications/MAMP/htdocs/cakephp_install/app/webroot/index.php(96): Dispatcher->dispatch(Object(CakeRequest), Object(CakeResponse))
#3 {main}
2012-01-02 15:32:32 Error: [MissingActionException] Action RequestsController::favicon.ico() could not be found.
#0 /Applications/MAMP/htdocs/cakephp_install/lib/Cake/Routing/Dispatcher.php(107): Controller->invokeAction(Object(CakeRequest))
#1 /Applications/MAMP/htdocs/cakephp_install/lib/Cake/Routing/Dispatcher.php(89): Dispatcher->_invoke(Object(RequestsController), Object(CakeRequest), Object(CakeResponse))
#2 /Applications/MAMP/htdocs/cakephp_install/app/webroot/index.php(96): Dispatcher->dispatch(Object(CakeRequest), Object(CakeResponse))
#3 {main}
2012-01-02 15:33:49 Error: [MissingActionException] Action RequestsController::favicon.ico() could not be found.
#0 /Applications/MAMP/htdocs/cakephp_install/lib/Cake/Routing/Dispatcher.php(107): Controller->invokeAction(Object(CakeRequest))
#1 /Applications/MAMP/htdocs/cakephp_install/lib/Cake/Routing/Dispatcher.php(89): Dispatcher->_invoke(Object(RequestsController), Object(CakeRequest), Object(CakeResponse))
#2 /Applications/MAMP/htdocs/cakephp_install/app/webroot/index.php(96): Dispatcher->dispatch(Object(CakeRequest), Object(CakeResponse))
#3 {main}
2012-01-02 15:34:02 Error: [MissingActionException] Action RequestsController::favicon.ico() could not be found.
#0 /Applications/MAMP/htdocs/cakephp_install/lib/Cake/Routing/Dispatcher.php(107): Controller->invokeAction(Object(CakeRequest))
#1 /Applications/MAMP/htdocs/cakephp_install/lib/Cake/Routing/Dispatcher.php(89): Dispatcher->_invoke(Object(RequestsController), Object(CakeRequest), Object(CakeResponse))
#2 /Applications/MAMP/htdocs/cakephp_install/app/webroot/index.php(96): Dispatcher->dispatch(Object(CakeRequest), Object(CakeResponse))
#3 {main}
2012-01-02 15:46:50 Error: [MissingActionException] Action RequestsController::favicon.ico() could not be found.
#0 /Applications/MAMP/htdocs/cakephp_install/lib/Cake/Routing/Dispatcher.php(107): Controller->invokeAction(Object(CakeRequest))
#1 /Applications/MAMP/htdocs/cakephp_install/lib/Cake/Routing/Dispatcher.php(89): Dispatcher->_invoke(Object(RequestsController), Object(CakeRequest), Object(CakeResponse))
#2 /Applications/MAMP/htdocs/cakephp_install/app/webroot/index.php(96): Dispatcher->dispatch(Object(CakeRequest), Object(CakeResponse))
#3 {main}
2012-01-02 15:46:50 Error: [MissingActionException] Action RequestsController::favicon.ico() could not be found.
#0 /Applications/MAMP/htdocs/cakephp_install/lib/Cake/Routing/Dispatcher.php(107): Controller->invokeAction(Object(CakeRequest))
#1 /Applications/MAMP/htdocs/cakephp_install/lib/Cake/Routing/Dispatcher.php(89): Dispatcher->_invoke(Object(RequestsController), Object(CakeRequest), Object(CakeResponse))
#2 /Applications/MAMP/htdocs/cakephp_install/app/webroot/index.php(96): Dispatcher->dispatch(Object(CakeRequest), Object(CakeResponse))
#3 {main}
2012-01-02 15:47:56 Error: [MissingControllerException] Controller class CssController could not be found.
#0 /Applications/MAMP/htdocs/cakephp_install/app/webroot/index.php(96): Dispatcher->dispatch(Object(CakeRequest), Object(CakeResponse))
#1 {main}
2012-01-02 15:47:56 Error: [MissingActionException] Action RequestsController::favicon.ico() could not be found.
#0 /Applications/MAMP/htdocs/cakephp_install/lib/Cake/Routing/Dispatcher.php(107): Controller->invokeAction(Object(CakeRequest))
#1 /Applications/MAMP/htdocs/cakephp_install/lib/Cake/Routing/Dispatcher.php(89): Dispatcher->_invoke(Object(RequestsController), Object(CakeRequest), Object(CakeResponse))
#2 /Applications/MAMP/htdocs/cakephp_install/app/webroot/index.php(96): Dispatcher->dispatch(Object(CakeRequest), Object(CakeResponse))
#3 {main}
2012-01-02 15:47:57 Error: [MissingControllerException] Controller class CssController could not be found.
#0 /Applications/MAMP/htdocs/cakephp_install/app/webroot/index.php(96): Dispatcher->dispatch(Object(CakeRequest), Object(CakeResponse))
#1 {main}
2012-01-02 15:47:57 Error: [MissingActionException] Action RequestsController::favicon.ico() could not be found.
#0 /Applications/MAMP/htdocs/cakephp_install/lib/Cake/Routing/Dispatcher.php(107): Controller->invokeAction(Object(CakeRequest))
#1 /Applications/MAMP/htdocs/cakephp_install/lib/Cake/Routing/Dispatcher.php(89): Dispatcher->_invoke(Object(RequestsController), Object(CakeRequest), Object(CakeResponse))
#2 /Applications/MAMP/htdocs/cakephp_install/app/webroot/index.php(96): Dispatcher->dispatch(Object(CakeRequest), Object(CakeResponse))
#3 {main}
2012-01-02 15:47:57 Error: [MissingControllerException] Controller class CssController could not be found.
#0 /Applications/MAMP/htdocs/cakephp_install/app/webroot/index.php(96): Dispatcher->dispatch(Object(CakeRequest), Object(CakeResponse))
#1 {main}
2012-01-02 15:47:57 Error: [MissingActionException] Action RequestsController::favicon.ico() could not be found.
#0 /Applications/MAMP/htdocs/cakephp_install/lib/Cake/Routing/Dispatcher.php(107): Controller->invokeAction(Object(CakeRequest))
#1 /Applications/MAMP/htdocs/cakephp_install/lib/Cake/Routing/Dispatcher.php(89): Dispatcher->_invoke(Object(RequestsController), Object(CakeRequest), Object(CakeResponse))
#2 /Applications/MAMP/htdocs/cakephp_install/app/webroot/index.php(96): Dispatcher->dispatch(Object(CakeRequest), Object(CakeResponse))
#3 {main}
2012-01-02 15:47:57 Error: [MissingControllerException] Controller class CssController could not be found.
#0 /Applications/MAMP/htdocs/cakephp_install/app/webroot/index.php(96): Dispatcher->dispatch(Object(CakeRequest), Object(CakeResponse))
#1 {main}
2012-01-02 15:47:57 Error: [MissingActionException] Action RequestsController::favicon.ico() could not be found.
#0 /Applications/MAMP/htdocs/cakephp_install/lib/Cake/Routing/Dispatcher.php(107): Controller->invokeAction(Object(CakeRequest))
#1 /Applications/MAMP/htdocs/cakephp_install/lib/Cake/Routing/Dispatcher.php(89): Dispatcher->_invoke(Object(RequestsController), Object(CakeRequest), Object(CakeResponse))
#2 /Applications/MAMP/htdocs/cakephp_install/app/webroot/index.php(96): Dispatcher->dispatch(Object(CakeRequest), Object(CakeResponse))
#3 {main}
2012-01-02 15:50:58 Error: [MissingControllerException] Controller class CssController could not be found.
#0 /Applications/MAMP/htdocs/cakephp_install/app/webroot/index.php(96): Dispatcher->dispatch(Object(CakeRequest), Object(CakeResponse))
#1 {main}
2012-01-02 15:50:58 Error: [MissingActionException] Action RequestsController::favicon.ico() could not be found.
#0 /Applications/MAMP/htdocs/cakephp_install/lib/Cake/Routing/Dispatcher.php(107): Controller->invokeAction(Object(CakeRequest))
#1 /Applications/MAMP/htdocs/cakephp_install/lib/Cake/Routing/Dispatcher.php(89): Dispatcher->_invoke(Object(RequestsController), Object(CakeRequest), Object(CakeResponse))
#2 /Applications/MAMP/htdocs/cakephp_install/app/webroot/index.php(96): Dispatcher->dispatch(Object(CakeRequest), Object(CakeResponse))
#3 {main}
2012-01-02 15:50:59 Error: [MissingControllerException] Controller class CssController could not be found.
#0 /Applications/MAMP/htdocs/cakephp_install/app/webroot/index.php(96): Dispatcher->dispatch(Object(CakeRequest), Object(CakeResponse))
#1 {main}
2012-01-02 15:50:59 Error: [MissingActionException] Action RequestsController::favicon.ico() could not be found.
#0 /Applications/MAMP/htdocs/cakephp_install/lib/Cake/Routing/Dispatcher.php(107): Controller->invokeAction(Object(CakeRequest))
#1 /Applications/MAMP/htdocs/cakephp_install/lib/Cake/Routing/Dispatcher.php(89): Dispatcher->_invoke(Object(RequestsController), Object(CakeRequest), Object(CakeResponse))
#2 /Applications/MAMP/htdocs/cakephp_install/app/webroot/index.php(96): Dispatcher->dispatch(Object(CakeRequest), Object(CakeResponse))
#3 {main}
2012-01-02 15:50:59 Error: [MissingControllerException] Controller class CssController could not be found.
#0 /Applications/MAMP/htdocs/cakephp_install/app/webroot/index.php(96): Dispatcher->dispatch(Object(CakeRequest), Object(CakeResponse))
#1 {main}
2012-01-02 15:50:59 Error: [MissingActionException] Action RequestsController::favicon.ico() could not be found.
#0 /Applications/MAMP/htdocs/cakephp_install/lib/Cake/Routing/Dispatcher.php(107): Controller->invokeAction(Object(CakeRequest))
#1 /Applications/MAMP/htdocs/cakephp_install/lib/Cake/Routing/Dispatcher.php(89): Dispatcher->_invoke(Object(RequestsController), Object(CakeRequest), Object(CakeResponse))
#2 /Applications/MAMP/htdocs/cakephp_install/app/webroot/index.php(96): Dispatcher->dispatch(Object(CakeRequest), Object(CakeResponse))
#3 {main}
2012-01-02 15:50:59 Error: [MissingControllerException] Controller class CssController could not be found.
#0 /Applications/MAMP/htdocs/cakephp_install/app/webroot/index.php(96): Dispatcher->dispatch(Object(CakeRequest), Object(CakeResponse))
#1 {main}
2012-01-02 15:50:59 Error: [MissingActionException] Action RequestsController::favicon.ico() could not be found.
#0 /Applications/MAMP/htdocs/cakephp_install/lib/Cake/Routing/Dispatcher.php(107): Controller->invokeAction(Object(CakeRequest))
#1 /Applications/MAMP/htdocs/cakephp_install/lib/Cake/Routing/Dispatcher.php(89): Dispatcher->_invoke(Object(RequestsController), Object(CakeRequest), Object(CakeResponse))
#2 /Applications/MAMP/htdocs/cakephp_install/app/webroot/index.php(96): Dispatcher->dispatch(Object(CakeRequest), Object(CakeResponse))
#3 {main}
2012-01-02 15:51:25 Error: [MissingControllerException] Controller class CssController could not be found.
#0 /Applications/MAMP/htdocs/cakephp_install/app/webroot/index.php(96): Dispatcher->dispatch(Object(CakeRequest), Object(CakeResponse))
#1 {main}
2012-01-02 15:51:25 Error: [MissingActionException] Action RequestsController::favicon.ico() could not be found.
#0 /Applications/MAMP/htdocs/cakephp_install/lib/Cake/Routing/Dispatcher.php(107): Controller->invokeAction(Object(CakeRequest))
#1 /Applications/MAMP/htdocs/cakephp_install/lib/Cake/Routing/Dispatcher.php(89): Dispatcher->_invoke(Object(RequestsController), Object(CakeRequest), Object(CakeResponse))
#2 /Applications/MAMP/htdocs/cakephp_install/app/webroot/index.php(96): Dispatcher->dispatch(Object(CakeRequest), Object(CakeResponse))
#3 {main}
2012-01-02 15:51:25 Error: [MissingControllerException] Controller class CssController could not be found.
#0 /Applications/MAMP/htdocs/cakephp_install/app/webroot/index.php(96): Dispatcher->dispatch(Object(CakeRequest), Object(CakeResponse))
#1 {main}
2012-01-02 15:51:25 Error: [MissingActionException] Action RequestsController::favicon.ico() could not be found.
#0 /Applications/MAMP/htdocs/cakephp_install/lib/Cake/Routing/Dispatcher.php(107): Controller->invokeAction(Object(CakeRequest))
#1 /Applications/MAMP/htdocs/cakephp_install/lib/Cake/Routing/Dispatcher.php(89): Dispatcher->_invoke(Object(RequestsController), Object(CakeRequest), Object(CakeResponse))
#2 /Applications/MAMP/htdocs/cakephp_install/app/webroot/index.php(96): Dispatcher->dispatch(Object(CakeRequest), Object(CakeResponse))
#3 {main}
2012-01-02 15:51:25 Error: [MissingControllerException] Controller class CssController could not be found.
#0 /Applications/MAMP/htdocs/cakephp_install/app/webroot/index.php(96): Dispatcher->dispatch(Object(CakeRequest), Object(CakeResponse))
#1 {main}
2012-01-02 15:51:25 Error: [MissingActionException] Action RequestsController::favicon.ico() could not be found.
#0 /Applications/MAMP/htdocs/cakephp_install/lib/Cake/Routing/Dispatcher.php(107): Controller->invokeAction(Object(CakeRequest))
#1 /Applications/MAMP/htdocs/cakephp_install/lib/Cake/Routing/Dispatcher.php(89): Dispatcher->_invoke(Object(RequestsController), Object(CakeRequest), Object(CakeResponse))
#2 /Applications/MAMP/htdocs/cakephp_install/app/webroot/index.php(96): Dispatcher->dispatch(Object(CakeRequest), Object(CakeResponse))
#3 {main}
2012-01-02 15:51:25 Error: [MissingControllerException] Controller class CssController could not be found.
#0 /Applications/MAMP/htdocs/cakephp_install/app/webroot/index.php(96): Dispatcher->dispatch(Object(CakeRequest), Object(CakeResponse))
#1 {main}
2012-01-02 15:51:25 Error: [MissingActionException] Action RequestsController::favicon.ico() could not be found.
#0 /Applications/MAMP/htdocs/cakephp_install/lib/Cake/Routing/Dispatcher.php(107): Controller->invokeAction(Object(CakeRequest))
#1 /Applications/MAMP/htdocs/cakephp_install/lib/Cake/Routing/Dispatcher.php(89): Dispatcher->_invoke(Object(RequestsController), Object(CakeRequest), Object(CakeResponse))
#2 /Applications/MAMP/htdocs/cakephp_install/app/webroot/index.php(96): Dispatcher->dispatch(Object(CakeRequest), Object(CakeResponse))
#3 {main}
2012-01-02 15:52:26 Error: [MissingControllerException] Controller class CssController could not be found.
#0 /Applications/MAMP/htdocs/cakephp_install/app/webroot/index.php(96): Dispatcher->dispatch(Object(CakeRequest), Object(CakeResponse))
#1 {main}
2012-01-02 15:52:26 Error: [MissingActionException] Action RequestsController::favicon.ico() could not be found.
#0 /Applications/MAMP/htdocs/cakephp_install/lib/Cake/Routing/Dispatcher.php(107): Controller->invokeAction(Object(CakeRequest))
#1 /Applications/MAMP/htdocs/cakephp_install/lib/Cake/Routing/Dispatcher.php(89): Dispatcher->_invoke(Object(RequestsController), Object(CakeRequest), Object(CakeResponse))
#2 /Applications/MAMP/htdocs/cakephp_install/app/webroot/index.php(96): Dispatcher->dispatch(Object(CakeRequest), Object(CakeResponse))
#3 {main}
2012-01-02 15:52:40 Error: [MissingControllerException] Controller class CssController could not be found.
#0 /Applications/MAMP/htdocs/cakephp_install/app/webroot/index.php(96): Dispatcher->dispatch(Object(CakeRequest), Object(CakeResponse))
#1 {main}
2012-01-02 15:52:40 Error: [MissingActionException] Action RequestsController::favicon.ico() could not be found.
#0 /Applications/MAMP/htdocs/cakephp_install/lib/Cake/Routing/Dispatcher.php(107): Controller->invokeAction(Object(CakeRequest))
#1 /Applications/MAMP/htdocs/cakephp_install/lib/Cake/Routing/Dispatcher.php(89): Dispatcher->_invoke(Object(RequestsController), Object(CakeRequest), Object(CakeResponse))
#2 /Applications/MAMP/htdocs/cakephp_install/app/webroot/index.php(96): Dispatcher->dispatch(Object(CakeRequest), Object(CakeResponse))
#3 {main}
2012-01-02 15:53:09 Error: [MissingControllerException] Controller class CssController could not be found.
#0 /Applications/MAMP/htdocs/cakephp_install/app/webroot/index.php(96): Dispatcher->dispatch(Object(CakeRequest), Object(CakeResponse))
#1 {main}
2012-01-02 15:53:09 Error: [MissingActionException] Action RequestsController::favicon.ico() could not be found.
#0 /Applications/MAMP/htdocs/cakephp_install/lib/Cake/Routing/Dispatcher.php(107): Controller->invokeAction(Object(CakeRequest))
#1 /Applications/MAMP/htdocs/cakephp_install/lib/Cake/Routing/Dispatcher.php(89): Dispatcher->_invoke(Object(RequestsController), Object(CakeRequest), Object(CakeResponse))
#2 /Applications/MAMP/htdocs/cakephp_install/app/webroot/index.php(96): Dispatcher->dispatch(Object(CakeRequest), Object(CakeResponse))
#3 {main}
2012-01-02 15:53:10 Error: [MissingControllerException] Controller class CssController could not be found.
#0 /Applications/MAMP/htdocs/cakephp_install/app/webroot/index.php(96): Dispatcher->dispatch(Object(CakeRequest), Object(CakeResponse))
#1 {main}
2012-01-02 15:53:10 Error: [MissingActionException] Action RequestsController::favicon.ico() could not be found.
#0 /Applications/MAMP/htdocs/cakephp_install/lib/Cake/Routing/Dispatcher.php(107): Controller->invokeAction(Object(CakeRequest))
#1 /Applications/MAMP/htdocs/cakephp_install/lib/Cake/Routing/Dispatcher.php(89): Dispatcher->_invoke(Object(RequestsController), Object(CakeRequest), Object(CakeResponse))
#2 /Applications/MAMP/htdocs/cakephp_install/app/webroot/index.php(96): Dispatcher->dispatch(Object(CakeRequest), Object(CakeResponse))
#3 {main}
2012-01-02 15:53:10 Error: [MissingControllerException] Controller class CssController could not be found.
#0 /Applications/MAMP/htdocs/cakephp_install/app/webroot/index.php(96): Dispatcher->dispatch(Object(CakeRequest), Object(CakeResponse))
#1 {main}
2012-01-02 15:53:10 Error: [MissingActionException] Action RequestsController::favicon.ico() could not be found.
#0 /Applications/MAMP/htdocs/cakephp_install/lib/Cake/Routing/Dispatcher.php(107): Controller->invokeAction(Object(CakeRequest))
#1 /Applications/MAMP/htdocs/cakephp_install/lib/Cake/Routing/Dispatcher.php(89): Dispatcher->_invoke(Object(RequestsController), Object(CakeRequest), Object(CakeResponse))
#2 /Applications/MAMP/htdocs/cakephp_install/app/webroot/index.php(96): Dispatcher->dispatch(Object(CakeRequest), Object(CakeResponse))
#3 {main}
2012-01-02 15:53:31 Error: [MissingControllerException] Controller class CssController could not be found.
#0 /Applications/MAMP/htdocs/cakephp_install/app/webroot/index.php(96): Dispatcher->dispatch(Object(CakeRequest), Object(CakeResponse))
#1 {main}
2012-01-02 15:53:31 Error: [MissingActionException] Action RequestsController::favicon.ico() could not be found.
#0 /Applications/MAMP/htdocs/cakephp_install/lib/Cake/Routing/Dispatcher.php(107): Controller->invokeAction(Object(CakeRequest))
#1 /Applications/MAMP/htdocs/cakephp_install/lib/Cake/Routing/Dispatcher.php(89): Dispatcher->_invoke(Object(RequestsController), Object(CakeRequest), Object(CakeResponse))
#2 /Applications/MAMP/htdocs/cakephp_install/app/webroot/index.php(96): Dispatcher->dispatch(Object(CakeRequest), Object(CakeResponse))
#3 {main}
2012-01-02 15:53:31 Error: [MissingControllerException] Controller class CssController could not be found.
#0 /Applications/MAMP/htdocs/cakephp_install/app/webroot/index.php(96): Dispatcher->dispatch(Object(CakeRequest), Object(CakeResponse))
#1 {main}
2012-01-02 15:53:31 Error: [MissingActionException] Action RequestsController::favicon.ico() could not be found.
#0 /Applications/MAMP/htdocs/cakephp_install/lib/Cake/Routing/Dispatcher.php(107): Controller->invokeAction(Object(CakeRequest))
#1 /Applications/MAMP/htdocs/cakephp_install/lib/Cake/Routing/Dispatcher.php(89): Dispatcher->_invoke(Object(RequestsController), Object(CakeRequest), Object(CakeResponse))
#2 /Applications/MAMP/htdocs/cakephp_install/app/webroot/index.php(96): Dispatcher->dispatch(Object(CakeRequest), Object(CakeResponse))
#3 {main}
2012-01-02 15:53:32 Error: [MissingControllerException] Controller class CssController could not be found.
#0 /Applications/MAMP/htdocs/cakephp_install/app/webroot/index.php(96): Dispatcher->dispatch(Object(CakeRequest), Object(CakeResponse))
#1 {main}
2012-01-02 15:53:32 Error: [MissingActionException] Action RequestsController::favicon.ico() could not be found.
#0 /Applications/MAMP/htdocs/cakephp_install/lib/Cake/Routing/Dispatcher.php(107): Controller->invokeAction(Object(CakeRequest))
#1 /Applications/MAMP/htdocs/cakephp_install/lib/Cake/Routing/Dispatcher.php(89): Dispatcher->_invoke(Object(RequestsController), Object(CakeRequest), Object(CakeResponse))
#2 /Applications/MAMP/htdocs/cakephp_install/app/webroot/index.php(96): Dispatcher->dispatch(Object(CakeRequest), Object(CakeResponse))
#3 {main}
2012-01-02 15:53:51 Error: [MissingControllerException] Controller class CssController could not be found.
#0 /Applications/MAMP/htdocs/cakephp_install/app/webroot/index.php(96): Dispatcher->dispatch(Object(CakeRequest), Object(CakeResponse))
#1 {main}
2012-01-02 15:53:51 Error: [MissingActionException] Action RequestsController::favicon.ico() could not be found.
#0 /Applications/MAMP/htdocs/cakephp_install/lib/Cake/Routing/Dispatcher.php(107): Controller->invokeAction(Object(CakeRequest))
#1 /Applications/MAMP/htdocs/cakephp_install/lib/Cake/Routing/Dispatcher.php(89): Dispatcher->_invoke(Object(RequestsController), Object(CakeRequest), Object(CakeResponse))
#2 /Applications/MAMP/htdocs/cakephp_install/app/webroot/index.php(96): Dispatcher->dispatch(Object(CakeRequest), Object(CakeResponse))
#3 {main}
2012-01-02 15:53:51 Error: [MissingControllerException] Controller class CssController could not be found.
#0 /Applications/MAMP/htdocs/cakephp_install/app/webroot/index.php(96): Dispatcher->dispatch(Object(CakeRequest), Object(CakeResponse))
#1 {main}
2012-01-02 15:53:51 Error: [MissingActionException] Action RequestsController::favicon.ico() could not be found.
#0 /Applications/MAMP/htdocs/cakephp_install/lib/Cake/Routing/Dispatcher.php(107): Controller->invokeAction(Object(CakeRequest))
#1 /Applications/MAMP/htdocs/cakephp_install/lib/Cake/Routing/Dispatcher.php(89): Dispatcher->_invoke(Object(RequestsController), Object(CakeRequest), Object(CakeResponse))
#2 /Applications/MAMP/htdocs/cakephp_install/app/webroot/index.php(96): Dispatcher->dispatch(Object(CakeRequest), Object(CakeResponse))
#3 {main}
2012-01-02 15:53:51 Error: [MissingControllerException] Controller class CssController could not be found.
#0 /Applications/MAMP/htdocs/cakephp_install/app/webroot/index.php(96): Dispatcher->dispatch(Object(CakeRequest), Object(CakeResponse))
#1 {main}
2012-01-02 15:53:51 Error: [MissingActionException] Action RequestsController::favicon.ico() could not be found.
#0 /Applications/MAMP/htdocs/cakephp_install/lib/Cake/Routing/Dispatcher.php(107): Controller->invokeAction(Object(CakeRequest))
#1 /Applications/MAMP/htdocs/cakephp_install/lib/Cake/Routing/Dispatcher.php(89): Dispatcher->_invoke(Object(RequestsController), Object(CakeRequest), Object(CakeResponse))
#2 /Applications/MAMP/htdocs/cakephp_install/app/webroot/index.php(96): Dispatcher->dispatch(Object(CakeRequest), Object(CakeResponse))
#3 {main}
2012-01-02 15:54:20 Error: [MissingControllerException] Controller class CssController could not be found.
#0 /Applications/MAMP/htdocs/cakephp_install/app/webroot/index.php(96): Dispatcher->dispatch(Object(CakeRequest), Object(CakeResponse))
#1 {main}
2012-01-02 15:54:20 Error: [MissingActionException] Action RequestsController::favicon.ico() could not be found.
#0 /Applications/MAMP/htdocs/cakephp_install/lib/Cake/Routing/Dispatcher.php(107): Controller->invokeAction(Object(CakeRequest))
#1 /Applications/MAMP/htdocs/cakephp_install/lib/Cake/Routing/Dispatcher.php(89): Dispatcher->_invoke(Object(RequestsController), Object(CakeRequest), Object(CakeResponse))
#2 /Applications/MAMP/htdocs/cakephp_install/app/webroot/index.php(96): Dispatcher->dispatch(Object(CakeRequest), Object(CakeResponse))
#3 {main}
2012-01-02 15:54:21 Error: [MissingControllerException] Controller class CssController could not be found.
#0 /Applications/MAMP/htdocs/cakephp_install/app/webroot/index.php(96): Dispatcher->dispatch(Object(CakeRequest), Object(CakeResponse))
#1 {main}
2012-01-02 15:54:21 Error: [MissingActionException] Action RequestsController::favicon.ico() could not be found.
#0 /Applications/MAMP/htdocs/cakephp_install/lib/Cake/Routing/Dispatcher.php(107): Controller->invokeAction(Object(CakeRequest))
#1 /Applications/MAMP/htdocs/cakephp_install/lib/Cake/Routing/Dispatcher.php(89): Dispatcher->_invoke(Object(RequestsController), Object(CakeRequest), Object(CakeResponse))
#2 /Applications/MAMP/htdocs/cakephp_install/app/webroot/index.php(96): Dispatcher->dispatch(Object(CakeRequest), Object(CakeResponse))
#3 {main}
2012-01-02 15:54:21 Error: [MissingControllerException] Controller class CssController could not be found.
#0 /Applications/MAMP/htdocs/cakephp_install/app/webroot/index.php(96): Dispatcher->dispatch(Object(CakeRequest), Object(CakeResponse))
#1 {main}
2012-01-02 15:54:21 Error: [MissingActionException] Action RequestsController::favicon.ico() could not be found.
#0 /Applications/MAMP/htdocs/cakephp_install/lib/Cake/Routing/Dispatcher.php(107): Controller->invokeAction(Object(CakeRequest))
#1 /Applications/MAMP/htdocs/cakephp_install/lib/Cake/Routing/Dispatcher.php(89): Dispatcher->_invoke(Object(RequestsController), Object(CakeRequest), Object(CakeResponse))
#2 /Applications/MAMP/htdocs/cakephp_install/app/webroot/index.php(96): Dispatcher->dispatch(Object(CakeRequest), Object(CakeResponse))
#3 {main}
2012-01-02 15:56:14 Error: [MissingControllerException] Controller class CssController could not be found.
#0 /Applications/MAMP/htdocs/cakephp_install/app/webroot/index.php(96): Dispatcher->dispatch(Object(CakeRequest), Object(CakeResponse))
#1 {main}
2012-01-02 15:56:14 Error: [MissingActionException] Action RequestsController::favicon.ico() could not be found.
#0 /Applications/MAMP/htdocs/cakephp_install/lib/Cake/Routing/Dispatcher.php(107): Controller->invokeAction(Object(CakeRequest))
#1 /Applications/MAMP/htdocs/cakephp_install/lib/Cake/Routing/Dispatcher.php(89): Dispatcher->_invoke(Object(RequestsController), Object(CakeRequest), Object(CakeResponse))
#2 /Applications/MAMP/htdocs/cakephp_install/app/webroot/index.php(96): Dispatcher->dispatch(Object(CakeRequest), Object(CakeResponse))
#3 {main}
2012-01-02 15:56:14 Error: [MissingControllerException] Controller class CssController could not be found.
#0 /Applications/MAMP/htdocs/cakephp_install/app/webroot/index.php(96): Dispatcher->dispatch(Object(CakeRequest), Object(CakeResponse))
#1 {main}
2012-01-02 15:56:14 Error: [MissingActionException] Action RequestsController::favicon.ico() could not be found.
#0 /Applications/MAMP/htdocs/cakephp_install/lib/Cake/Routing/Dispatcher.php(107): Controller->invokeAction(Object(CakeRequest))
#1 /Applications/MAMP/htdocs/cakephp_install/lib/Cake/Routing/Dispatcher.php(89): Dispatcher->_invoke(Object(RequestsController), Object(CakeRequest), Object(CakeResponse))
#2 /Applications/MAMP/htdocs/cakephp_install/app/webroot/index.php(96): Dispatcher->dispatch(Object(CakeRequest), Object(CakeResponse))
#3 {main}
2012-01-02 15:56:14 Error: [MissingControllerException] Controller class CssController could not be found.
#0 /Applications/MAMP/htdocs/cakephp_install/app/webroot/index.php(96): Dispatcher->dispatch(Object(CakeRequest), Object(CakeResponse))
#1 {main}
2012-01-02 15:56:14 Error: [MissingActionException] Action RequestsController::favicon.ico() could not be found.
#0 /Applications/MAMP/htdocs/cakephp_install/lib/Cake/Routing/Dispatcher.php(107): Controller->invokeAction(Object(CakeRequest))
#1 /Applications/MAMP/htdocs/cakephp_install/lib/Cake/Routing/Dispatcher.php(89): Dispatcher->_invoke(Object(RequestsController), Object(CakeRequest), Object(CakeResponse))
#2 /Applications/MAMP/htdocs/cakephp_install/app/webroot/index.php(96): Dispatcher->dispatch(Object(CakeRequest), Object(CakeResponse))
#3 {main}
2012-01-02 15:57:28 Error: [MissingControllerException] Controller class CssController could not be found.
#0 /Applications/MAMP/htdocs/cakephp_install/app/webroot/index.php(96): Dispatcher->dispatch(Object(CakeRequest), Object(CakeResponse))
#1 {main}
2012-01-02 15:57:28 Error: [MissingActionException] Action RequestsController::favicon.ico() could not be found.
#0 /Applications/MAMP/htdocs/cakephp_install/lib/Cake/Routing/Dispatcher.php(107): Controller->invokeAction(Object(CakeRequest))
#1 /Applications/MAMP/htdocs/cakephp_install/lib/Cake/Routing/Dispatcher.php(89): Dispatcher->_invoke(Object(RequestsController), Object(CakeRequest), Object(CakeResponse))
#2 /Applications/MAMP/htdocs/cakephp_install/app/webroot/index.php(96): Dispatcher->dispatch(Object(CakeRequest), Object(CakeResponse))
#3 {main}
2012-01-02 15:57:28 Error: [MissingControllerException] Controller class CssController could not be found.
#0 /Applications/MAMP/htdocs/cakephp_install/app/webroot/index.php(96): Dispatcher->dispatch(Object(CakeRequest), Object(CakeResponse))
#1 {main}
2012-01-02 15:57:28 Error: [MissingActionException] Action RequestsController::favicon.ico() could not be found.
#0 /Applications/MAMP/htdocs/cakephp_install/lib/Cake/Routing/Dispatcher.php(107): Controller->invokeAction(Object(CakeRequest))
#1 /Applications/MAMP/htdocs/cakephp_install/lib/Cake/Routing/Dispatcher.php(89): Dispatcher->_invoke(Object(RequestsController), Object(CakeRequest), Object(CakeResponse))
#2 /Applications/MAMP/htdocs/cakephp_install/app/webroot/index.php(96): Dispatcher->dispatch(Object(CakeRequest), Object(CakeResponse))
#3 {main}
2012-01-02 15:57:28 Error: [MissingControllerException] Controller class CssController could not be found.
#0 /Applications/MAMP/htdocs/cakephp_install/app/webroot/index.php(96): Dispatcher->dispatch(Object(CakeRequest), Object(CakeResponse))
#1 {main}
2012-01-02 15:57:28 Error: [MissingActionException] Action RequestsController::favicon.ico() could not be found.
#0 /Applications/MAMP/htdocs/cakephp_install/lib/Cake/Routing/Dispatcher.php(107): Controller->invokeAction(Object(CakeRequest))
#1 /Applications/MAMP/htdocs/cakephp_install/lib/Cake/Routing/Dispatcher.php(89): Dispatcher->_invoke(Object(RequestsController), Object(CakeRequest), Object(CakeResponse))
#2 /Applications/MAMP/htdocs/cakephp_install/app/webroot/index.php(96): Dispatcher->dispatch(Object(CakeRequest), Object(CakeResponse))
#3 {main}
2012-01-02 16:01:43 Error: [MissingControllerException] Controller class CssController could not be found.
#0 /Applications/MAMP/htdocs/cakephp_install/app/webroot/index.php(96): Dispatcher->dispatch(Object(CakeRequest), Object(CakeResponse))
#1 {main}
2012-01-02 16:01:43 Error: [MissingActionException] Action RequestsController::favicon.ico() could not be found.
#0 /Applications/MAMP/htdocs/cakephp_install/lib/Cake/Routing/Dispatcher.php(107): Controller->invokeAction(Object(CakeRequest))
#1 /Applications/MAMP/htdocs/cakephp_install/lib/Cake/Routing/Dispatcher.php(89): Dispatcher->_invoke(Object(RequestsController), Object(CakeRequest), Object(CakeResponse))
#2 /Applications/MAMP/htdocs/cakephp_install/app/webroot/index.php(96): Dispatcher->dispatch(Object(CakeRequest), Object(CakeResponse))
#3 {main}
2012-01-02 16:01:43 Error: [MissingControllerException] Controller class CssController could not be found.
#0 /Applications/MAMP/htdocs/cakephp_install/app/webroot/index.php(96): Dispatcher->dispatch(Object(CakeRequest), Object(CakeResponse))
#1 {main}
2012-01-02 16:01:43 Error: [MissingActionException] Action RequestsController::favicon.ico() could not be found.
#0 /Applications/MAMP/htdocs/cakephp_install/lib/Cake/Routing/Dispatcher.php(107): Controller->invokeAction(Object(CakeRequest))
#1 /Applications/MAMP/htdocs/cakephp_install/lib/Cake/Routing/Dispatcher.php(89): Dispatcher->_invoke(Object(RequestsController), Object(CakeRequest), Object(CakeResponse))
#2 /Applications/MAMP/htdocs/cakephp_install/app/webroot/index.php(96): Dispatcher->dispatch(Object(CakeRequest), Object(CakeResponse))
#3 {main}
2012-01-02 16:01:44 Error: [MissingControllerException] Controller class CssController could not be found.
#0 /Applications/MAMP/htdocs/cakephp_install/app/webroot/index.php(96): Dispatcher->dispatch(Object(CakeRequest), Object(CakeResponse))
#1 {main}
2012-01-02 16:01:44 Error: [MissingActionException] Action RequestsController::favicon.ico() could not be found.
#0 /Applications/MAMP/htdocs/cakephp_install/lib/Cake/Routing/Dispatcher.php(107): Controller->invokeAction(Object(CakeRequest))
#1 /Applications/MAMP/htdocs/cakephp_install/lib/Cake/Routing/Dispatcher.php(89): Dispatcher->_invoke(Object(RequestsController), Object(CakeRequest), Object(CakeResponse))
#2 /Applications/MAMP/htdocs/cakephp_install/app/webroot/index.php(96): Dispatcher->dispatch(Object(CakeRequest), Object(CakeResponse))
#3 {main}
2012-01-02 16:01:51 Error: [MissingActionException] Action RequestsController::favicon.ico() could not be found.
#0 /Applications/MAMP/htdocs/cakephp_install/lib/Cake/Routing/Dispatcher.php(107): Controller->invokeAction(Object(CakeRequest))
#1 /Applications/MAMP/htdocs/cakephp_install/lib/Cake/Routing/Dispatcher.php(89): Dispatcher->_invoke(Object(RequestsController), Object(CakeRequest), Object(CakeResponse))
#2 /Applications/MAMP/htdocs/cakephp_install/app/webroot/index.php(96): Dispatcher->dispatch(Object(CakeRequest), Object(CakeResponse))
#3 {main}
2012-01-02 16:01:51 Error: [MissingActionException] Action RequestsController::favicon.ico() could not be found.
#0 /Applications/MAMP/htdocs/cakephp_install/lib/Cake/Routing/Dispatcher.php(107): Controller->invokeAction(Object(CakeRequest))
#1 /Applications/MAMP/htdocs/cakephp_install/lib/Cake/Routing/Dispatcher.php(89): Dispatcher->_invoke(Object(RequestsController), Object(CakeRequest), Object(CakeResponse))
#2 /Applications/MAMP/htdocs/cakephp_install/app/webroot/index.php(96): Dispatcher->dispatch(Object(CakeRequest), Object(CakeResponse))
#3 {main}
2012-01-02 16:01:51 Error: [MissingActionException] Action RequestsController::favicon.ico() could not be found.
#0 /Applications/MAMP/htdocs/cakephp_install/lib/Cake/Routing/Dispatcher.php(107): Controller->invokeAction(Object(CakeRequest))
#1 /Applications/MAMP/htdocs/cakephp_install/lib/Cake/Routing/Dispatcher.php(89): Dispatcher->_invoke(Object(RequestsController), Object(CakeRequest), Object(CakeResponse))
#2 /Applications/MAMP/htdocs/cakephp_install/app/webroot/index.php(96): Dispatcher->dispatch(Object(CakeRequest), Object(CakeResponse))
#3 {main}
2012-01-02 16:01:51 Error: [MissingActionException] Action RequestsController::favicon.ico() could not be found.
#0 /Applications/MAMP/htdocs/cakephp_install/lib/Cake/Routing/Dispatcher.php(107): Controller->invokeAction(Object(CakeRequest))
#1 /Applications/MAMP/htdocs/cakephp_install/lib/Cake/Routing/Dispatcher.php(89): Dispatcher->_invoke(Object(RequestsController), Object(CakeRequest), Object(CakeResponse))
#2 /Applications/MAMP/htdocs/cakephp_install/app/webroot/index.php(96): Dispatcher->dispatch(Object(CakeRequest), Object(CakeResponse))
#3 {main}
2012-01-02 16:01:51 Error: [MissingActionException] Action RequestsController::favicon.ico() could not be found.
#0 /Applications/MAMP/htdocs/cakephp_install/lib/Cake/Routing/Dispatcher.php(107): Controller->invokeAction(Object(CakeRequest))
#1 /Applications/MAMP/htdocs/cakephp_install/lib/Cake/Routing/Dispatcher.php(89): Dispatcher->_invoke(Object(RequestsController), Object(CakeRequest), Object(CakeResponse))
#2 /Applications/MAMP/htdocs/cakephp_install/app/webroot/index.php(96): Dispatcher->dispatch(Object(CakeRequest), Object(CakeResponse))
#3 {main}
2012-01-02 16:01:52 Error: [MissingActionException] Action RequestsController::favicon.ico() could not be found.
#0 /Applications/MAMP/htdocs/cakephp_install/lib/Cake/Routing/Dispatcher.php(107): Controller->invokeAction(Object(CakeRequest))
#1 /Applications/MAMP/htdocs/cakephp_install/lib/Cake/Routing/Dispatcher.php(89): Dispatcher->_invoke(Object(RequestsController), Object(CakeRequest), Object(CakeResponse))
#2 /Applications/MAMP/htdocs/cakephp_install/app/webroot/index.php(96): Dispatcher->dispatch(Object(CakeRequest), Object(CakeResponse))
#3 {main}
2012-01-02 16:01:52 Error: [MissingActionException] Action RequestsController::favicon.ico() could not be found.
#0 /Applications/MAMP/htdocs/cakephp_install/lib/Cake/Routing/Dispatcher.php(107): Controller->invokeAction(Object(CakeRequest))
#1 /Applications/MAMP/htdocs/cakephp_install/lib/Cake/Routing/Dispatcher.php(89): Dispatcher->_invoke(Object(RequestsController), Object(CakeRequest), Object(CakeResponse))
#2 /Applications/MAMP/htdocs/cakephp_install/app/webroot/index.php(96): Dispatcher->dispatch(Object(CakeRequest), Object(CakeResponse))
#3 {main}
2012-01-02 16:02:00 Error: [MissingControllerException] Controller class CssController could not be found.
#0 /Applications/MAMP/htdocs/cakephp_install/app/webroot/index.php(96): Dispatcher->dispatch(Object(CakeRequest), Object(CakeResponse))
#1 {main}
2012-01-02 16:02:00 Error: [MissingActionException] Action RequestsController::favicon.ico() could not be found.
#0 /Applications/MAMP/htdocs/cakephp_install/lib/Cake/Routing/Dispatcher.php(107): Controller->invokeAction(Object(CakeRequest))
#1 /Applications/MAMP/htdocs/cakephp_install/lib/Cake/Routing/Dispatcher.php(89): Dispatcher->_invoke(Object(RequestsController), Object(CakeRequest), Object(CakeResponse))
#2 /Applications/MAMP/htdocs/cakephp_install/app/webroot/index.php(96): Dispatcher->dispatch(Object(CakeRequest), Object(CakeResponse))
#3 {main}
2012-01-02 16:02:00 Error: [MissingControllerException] Controller class CssController could not be found.
#0 /Applications/MAMP/htdocs/cakephp_install/app/webroot/index.php(96): Dispatcher->dispatch(Object(CakeRequest), Object(CakeResponse))
#1 {main}
2012-01-02 16:02:00 Error: [MissingActionException] Action RequestsController::favicon.ico() could not be found.
#0 /Applications/MAMP/htdocs/cakephp_install/lib/Cake/Routing/Dispatcher.php(107): Controller->invokeAction(Object(CakeRequest))
#1 /Applications/MAMP/htdocs/cakephp_install/lib/Cake/Routing/Dispatcher.php(89): Dispatcher->_invoke(Object(RequestsController), Object(CakeRequest), Object(CakeResponse))
#2 /Applications/MAMP/htdocs/cakephp_install/app/webroot/index.php(96): Dispatcher->dispatch(Object(CakeRequest), Object(CakeResponse))
#3 {main}
2012-01-02 16:02:00 Error: [MissingControllerException] Controller class CssController could not be found.
#0 /Applications/MAMP/htdocs/cakephp_install/app/webroot/index.php(96): Dispatcher->dispatch(Object(CakeRequest), Object(CakeResponse))
#1 {main}
2012-01-02 16:02:01 Error: [MissingActionException] Action RequestsController::favicon.ico() could not be found.
#0 /Applications/MAMP/htdocs/cakephp_install/lib/Cake/Routing/Dispatcher.php(107): Controller->invokeAction(Object(CakeRequest))
#1 /Applications/MAMP/htdocs/cakephp_install/lib/Cake/Routing/Dispatcher.php(89): Dispatcher->_invoke(Object(RequestsController), Object(CakeRequest), Object(CakeResponse))
#2 /Applications/MAMP/htdocs/cakephp_install/app/webroot/index.php(96): Dispatcher->dispatch(Object(CakeRequest), Object(CakeResponse))
#3 {main}
2012-01-02 16:02:01 Error: [MissingControllerException] Controller class CssController could not be found.
#0 /Applications/MAMP/htdocs/cakephp_install/app/webroot/index.php(96): Dispatcher->dispatch(Object(CakeRequest), Object(CakeResponse))
#1 {main}
2012-01-02 16:02:01 Error: [MissingActionException] Action RequestsController::favicon.ico() could not be found.
#0 /Applications/MAMP/htdocs/cakephp_install/lib/Cake/Routing/Dispatcher.php(107): Controller->invokeAction(Object(CakeRequest))
#1 /Applications/MAMP/htdocs/cakephp_install/lib/Cake/Routing/Dispatcher.php(89): Dispatcher->_invoke(Object(RequestsController), Object(CakeRequest), Object(CakeResponse))
#2 /Applications/MAMP/htdocs/cakephp_install/app/webroot/index.php(96): Dispatcher->dispatch(Object(CakeRequest), Object(CakeResponse))
#3 {main}
2012-01-02 16:02:33 Error: [MissingControllerException] Controller class CssController could not be found.
#0 /Applications/MAMP/htdocs/cakephp_install/app/webroot/index.php(96): Dispatcher->dispatch(Object(CakeRequest), Object(CakeResponse))
#1 {main}
2012-01-02 16:02:33 Error: [MissingActionException] Action RequestsController::favicon.ico() could not be found.
#0 /Applications/MAMP/htdocs/cakephp_install/lib/Cake/Routing/Dispatcher.php(107): Controller->invokeAction(Object(CakeRequest))
#1 /Applications/MAMP/htdocs/cakephp_install/lib/Cake/Routing/Dispatcher.php(89): Dispatcher->_invoke(Object(RequestsController), Object(CakeRequest), Object(CakeResponse))
#2 /Applications/MAMP/htdocs/cakephp_install/app/webroot/index.php(96): Dispatcher->dispatch(Object(CakeRequest), Object(CakeResponse))
#3 {main}
2012-01-02 16:02:33 Error: [MissingControllerException] Controller class CssController could not be found.
#0 /Applications/MAMP/htdocs/cakephp_install/app/webroot/index.php(96): Dispatcher->dispatch(Object(CakeRequest), Object(CakeResponse))
#1 {main}
2012-01-02 16:02:33 Error: [MissingActionException] Action RequestsController::favicon.ico() could not be found.
#0 /Applications/MAMP/htdocs/cakephp_install/lib/Cake/Routing/Dispatcher.php(107): Controller->invokeAction(Object(CakeRequest))
#1 /Applications/MAMP/htdocs/cakephp_install/lib/Cake/Routing/Dispatcher.php(89): Dispatcher->_invoke(Object(RequestsController), Object(CakeRequest), Object(CakeResponse))
#2 /Applications/MAMP/htdocs/cakephp_install/app/webroot/index.php(96): Dispatcher->dispatch(Object(CakeRequest), Object(CakeResponse))
#3 {main}
2012-01-02 16:02:34 Error: [MissingControllerException] Controller class CssController could not be found.
#0 /Applications/MAMP/htdocs/cakephp_install/app/webroot/index.php(96): Dispatcher->dispatch(Object(CakeRequest), Object(CakeResponse))
#1 {main}
2012-01-02 16:02:34 Error: [MissingActionException] Action RequestsController::favicon.ico() could not be found.
#0 /Applications/MAMP/htdocs/cakephp_install/lib/Cake/Routing/Dispatcher.php(107): Controller->invokeAction(Object(CakeRequest))
#1 /Applications/MAMP/htdocs/cakephp_install/lib/Cake/Routing/Dispatcher.php(89): Dispatcher->_invoke(Object(RequestsController), Object(CakeRequest), Object(CakeResponse))
#2 /Applications/MAMP/htdocs/cakephp_install/app/webroot/index.php(96): Dispatcher->dispatch(Object(CakeRequest), Object(CakeResponse))
#3 {main}
2012-01-02 16:07:41 Error: [MissingActionException] Action RequestsController::favicon.ico() could not be found.
#0 /Applications/MAMP/htdocs/cakephp_install/lib/Cake/Routing/Dispatcher.php(107): Controller->invokeAction(Object(CakeRequest))
#1 /Applications/MAMP/htdocs/cakephp_install/lib/Cake/Routing/Dispatcher.php(89): Dispatcher->_invoke(Object(RequestsController), Object(CakeRequest), Object(CakeResponse))
#2 /Applications/MAMP/htdocs/cakephp_install/app/webroot/index.php(96): Dispatcher->dispatch(Object(CakeRequest), Object(CakeResponse))
#3 {main}
2012-01-02 16:07:41 Error: [MissingActionException] Action RequestsController::favicon.ico() could not be found.
#0 /Applications/MAMP/htdocs/cakephp_install/lib/Cake/Routing/Dispatcher.php(107): Controller->invokeAction(Object(CakeRequest))
#1 /Applications/MAMP/htdocs/cakephp_install/lib/Cake/Routing/Dispatcher.php(89): Dispatcher->_invoke(Object(RequestsController), Object(CakeRequest), Object(CakeResponse))
#2 /Applications/MAMP/htdocs/cakephp_install/app/webroot/index.php(96): Dispatcher->dispatch(Object(CakeRequest), Object(CakeResponse))
#3 {main}
2012-01-02 16:07:42 Error: [MissingActionException] Action RequestsController::favicon.ico() could not be found.
#0 /Applications/MAMP/htdocs/cakephp_install/lib/Cake/Routing/Dispatcher.php(107): Controller->invokeAction(Object(CakeRequest))
#1 /Applications/MAMP/htdocs/cakephp_install/lib/Cake/Routing/Dispatcher.php(89): Dispatcher->_invoke(Object(RequestsController), Object(CakeRequest), Object(CakeResponse))
#2 /Applications/MAMP/htdocs/cakephp_install/app/webroot/index.php(96): Dispatcher->dispatch(Object(CakeRequest), Object(CakeResponse))
#3 {main}
2012-01-02 16:07:53 Error: [MissingActionException] Action RequestsController::favicon.ico() could not be found.
#0 /Applications/MAMP/htdocs/cakephp_install/lib/Cake/Routing/Dispatcher.php(107): Controller->invokeAction(Object(CakeRequest))
#1 /Applications/MAMP/htdocs/cakephp_install/lib/Cake/Routing/Dispatcher.php(89): Dispatcher->_invoke(Object(RequestsController), Object(CakeRequest), Object(CakeResponse))
#2 /Applications/MAMP/htdocs/cakephp_install/app/webroot/index.php(96): Dispatcher->dispatch(Object(CakeRequest), Object(CakeResponse))
#3 {main}
2012-01-02 16:10:36 Error: [MissingActionException] Action RequestsController::favicon.ico() could not be found.
#0 /Applications/MAMP/htdocs/cakephp_install/lib/Cake/Routing/Dispatcher.php(107): Controller->invokeAction(Object(CakeRequest))
#1 /Applications/MAMP/htdocs/cakephp_install/lib/Cake/Routing/Dispatcher.php(89): Dispatcher->_invoke(Object(RequestsController), Object(CakeRequest), Object(CakeResponse))
#2 /Applications/MAMP/htdocs/cakephp_install/app/webroot/index.php(96): Dispatcher->dispatch(Object(CakeRequest), Object(CakeResponse))
#3 {main}
